{"/Users/zzh/Documents/github-store/ownhome/projects/mock-nice-modal/src/index.ts": {"path":"/Users/zzh/Documents/github-store/ownhome/projects/mock-nice-modal/src/index.ts","statementMap":{"0":{"start":{"line":4,"column":18},"end":{"line":9,"column":1}}},"fnMap":{},"branchMap":{},"s":{"0":1},"f":{},"b":{},"_coverageSchema":"1a1c01bbd47fc00a2c39e90264f33305004495a9","hash":"978a850b08f1e0313ffd9296177cf86031563e2a"}
,"/Users/zzh/Documents/github-store/ownhome/projects/mock-nice-modal/src/main.tsx": {"path":"/Users/zzh/Documents/github-store/ownhome/projects/mock-nice-modal/src/main.tsx","statementMap":{"0":{"start":{"line":6,"column":20},"end":{"line":11,"column":1}},"1":{"start":{"line":7,"column":16},"end":{"line":7,"column":27}},"2":{"start":{"line":9,"column":4},"end":{"line":9,"column":28}},"3":{"start":{"line":10,"column":4},"end":{"line":10,"column":58}},"4":{"start":{"line":13,"column":20},"end":{"line":18,"column":1}},"5":{"start":{"line":14,"column":16},"end":{"line":14,"column":27}},"6":{"start":{"line":16,"column":4},"end":{"line":16,"column":28}},"7":{"start":{"line":17,"column":4},"end":{"line":17,"column":58}},"8":{"start":{"line":20,"column":22},"end":{"line":30,"column":1}},"9":{"start":{"line":21,"column":4},"end":{"line":29,"column":5}},"10":{"start":{"line":22,"column":32},"end":{"line":22,"column":38}},"11":{"start":{"line":24,"column":8},"end":{"line":28,"column":9}},"12":{"start":{"line":32,"column":29},"end":{"line":43,"column":1}},"13":{"start":{"line":33,"column":19},"end":{"line":33,"column":53}},"14":{"start":{"line":34,"column":22},"end":{"line":34,"column":41}},"15":{"start":{"line":36,"column":23},"end":{"line":40,"column":6}},"16":{"start":{"line":37,"column":31},"end":{"line":37,"column":49}},"17":{"start":{"line":39,"column":8},"end":{"line":39,"column":50}},"18":{"start":{"line":42,"column":4},"end":{"line":42,"column":28}},"19":{"start":{"line":45,"column":24},"end":{"line":54,"column":1}},"20":{"start":{"line":46,"column":21},"end":{"line":46,"column":38}},"21":{"start":{"line":48,"column":4},"end":{"line":53,"column":5}}},"fnMap":{"0":{"name":"(anonymous_0)","decl":{"start":{"line":6,"column":20},"end":{"line":6,"column":21}},"loc":{"start":{"line":6,"column":82},"end":{"line":11,"column":1}},"line":6},"1":{"name":"(anonymous_1)","decl":{"start":{"line":13,"column":20},"end":{"line":13,"column":21}},"loc":{"start":{"line":13,"column":82},"end":{"line":18,"column":1}},"line":13},"2":{"name":"(anonymous_2)","decl":{"start":{"line":20,"column":22},"end":{"line":20,"column":23}},"loc":{"start":{"line":20,"column":46},"end":{"line":30,"column":1}},"line":20},"3":{"name":"innerCreate","decl":{"start":{"line":21,"column":20},"end":{"line":21,"column":31}},"loc":{"start":{"line":21,"column":69},"end":{"line":29,"column":5}},"line":21},"4":{"name":"(anonymous_4)","decl":{"start":{"line":32,"column":29},"end":{"line":32,"column":30}},"loc":{"start":{"line":32,"column":35},"end":{"line":43,"column":1}},"line":32},"5":{"name":"(anonymous_5)","decl":{"start":{"line":36,"column":37},"end":{"line":36,"column":38}},"loc":{"start":{"line":36,"column":45},"end":{"line":40,"column":5}},"line":36},"6":{"name":"(anonymous_6)","decl":{"start":{"line":45,"column":24},"end":{"line":45,"column":25}},"loc":{"start":{"line":45,"column":67},"end":{"line":54,"column":1}},"line":45}},"branchMap":{},"s":{"0":1,"1":1,"2":0,"3":0,"4":1,"5":0,"6":0,"7":0,"8":1,"9":0,"10":0,"11":0,"12":1,"13":0,"14":0,"15":0,"16":0,"17":0,"18":0,"19":1,"20":0,"21":0},"f":{"0":1,"1":0,"2":0,"3":0,"4":0,"5":0,"6":0},"b":{},"_coverageSchema":"1a1c01bbd47fc00a2c39e90264f33305004495a9","hash":"c0828f382bb216ad3f5deb46eaaae8a461b6e9b5"}
,"/Users/zzh/Documents/github-store/ownhome/projects/mock-nice-modal/src/store.ts": {"path":"/Users/zzh/Documents/github-store/ownhome/projects/mock-nice-modal/src/store.ts","statementMap":{"0":{"start":{"line":5,"column":19},"end":{"line":5,"column":40}},"1":{"start":{"line":7,"column":49},"end":{"line":7,"column":51}},"2":{"start":{"line":8,"column":32},"end":{"line":8,"column":86}},"3":{"start":{"line":10,"column":34},"end":{"line":10,"column":84}},"4":{"start":{"line":12,"column":45},"end":{"line":12,"column":47}},"5":{"start":{"line":14,"column":16},"end":{"line":14,"column":17}},"6":{"start":{"line":16,"column":22},"end":{"line":25,"column":1}},"7":{"start":{"line":17,"column":19},"end":{"line":17,"column":64}},"8":{"start":{"line":19,"column":4},"end":{"line":24,"column":5}},"9":{"start":{"line":20,"column":8},"end":{"line":20,"column":38}},"10":{"start":{"line":21,"column":8},"end":{"line":21,"column":34}},"11":{"start":{"line":23,"column":8},"end":{"line":23,"column":41}},"12":{"start":{"line":27,"column":24},"end":{"line":33,"column":1}},"13":{"start":{"line":28,"column":4},"end":{"line":31,"column":5}},"14":{"start":{"line":32,"column":4},"end":{"line":32,"column":13}}},"fnMap":{"0":{"name":"(anonymous_0)","decl":{"start":{"line":16,"column":22},"end":{"line":16,"column":23}},"loc":{"start":{"line":16,"column":48},"end":{"line":25,"column":1}},"line":16},"1":{"name":"(anonymous_1)","decl":{"start":{"line":27,"column":24},"end":{"line":27,"column":25}},"loc":{"start":{"line":27,"column":88},"end":{"line":33,"column":1}},"line":27}},"branchMap":{"0":{"loc":{"start":{"line":19,"column":4},"end":{"line":24,"column":5}},"type":"if","locations":[{"start":{"line":19,"column":4},"end":{"line":24,"column":5}},{"start":{"line":22,"column":11},"end":{"line":24,"column":5}}],"line":19}},"s":{"0":1,"1":1,"2":1,"3":1,"4":1,"5":1,"6":1,"7":1,"8":1,"9":1,"10":0,"11":0,"12":1,"13":0,"14":0},"f":{"0":1,"1":0},"b":{"0":[1,0]},"_coverageSchema":"1a1c01bbd47fc00a2c39e90264f33305004495a9","hash":"7065983bdcf6241111bf35f141cc409b8b893e9a"}
,"/Users/zzh/Documents/github-store/ownhome/projects/mock-nice-modal/src/useModal.ts": {"path":"/Users/zzh/Documents/github-store/ownhome/projects/mock-nice-modal/src/useModal.ts","statementMap":{"0":{"start":{"line":6,"column":55},"end":{"line":8,"column":1}},"1":{"start":{"line":7,"column":4},"end":{"line":7,"column":99}},"2":{"start":{"line":10,"column":41},"end":{"line":27,"column":1}},"3":{"start":{"line":11,"column":19},"end":{"line":11,"column":33}},"4":{"start":{"line":13,"column":4},"end":{"line":26,"column":5}},"5":{"start":{"line":15,"column":12},"end":{"line":18,"column":13}},"6":{"start":{"line":20,"column":12},"end":{"line":23,"column":13}},"7":{"start":{"line":25,"column":12},"end":{"line":25,"column":54}},"8":{"start":{"line":29,"column":31},"end":{"line":34,"column":1}},"9":{"start":{"line":30,"column":31},"end":{"line":30,"column":69}},"10":{"start":{"line":31,"column":4},"end":{"line":31,"column":24}},"11":{"start":{"line":33,"column":4},"end":{"line":33,"column":37}},"12":{"start":{"line":36,"column":24},"end":{"line":65,"column":1}},"13":{"start":{"line":37,"column":19},"end":{"line":37,"column":47}},"14":{"start":{"line":38,"column":15},"end":{"line":38,"column":45}},"15":{"start":{"line":40,"column":18},"end":{"line":40,"column":45}},"16":{"start":{"line":42,"column":17},"end":{"line":49,"column":5}},"17":{"start":{"line":43,"column":8},"end":{"line":43,"column":23}},"18":{"start":{"line":43,"column":17},"end":{"line":43,"column":23}},"19":{"start":{"line":45,"column":8},"end":{"line":48,"column":10}},"20":{"start":{"line":51,"column":17},"end":{"line":58,"column":5}},"21":{"start":{"line":52,"column":8},"end":{"line":52,"column":23}},"22":{"start":{"line":52,"column":17},"end":{"line":52,"column":23}},"23":{"start":{"line":54,"column":8},"end":{"line":57,"column":10}},"24":{"start":{"line":60,"column":4},"end":{"line":64,"column":5}}},"fnMap":{"0":{"name":"(anonymous_0)","decl":{"start":{"line":6,"column":55},"end":{"line":6,"column":56}},"loc":{"start":{"line":6,"column":61},"end":{"line":8,"column":1}},"line":6},"1":{"name":"(anonymous_1)","decl":{"start":{"line":10,"column":41},"end":{"line":10,"column":42}},"loc":{"start":{"line":10,"column":60},"end":{"line":27,"column":1}},"line":10},"2":{"name":"(anonymous_2)","decl":{"start":{"line":29,"column":31},"end":{"line":29,"column":32}},"loc":{"start":{"line":29,"column":37},"end":{"line":34,"column":1}},"line":29},"3":{"name":"(anonymous_3)","decl":{"start":{"line":36,"column":24},"end":{"line":36,"column":25}},"loc":{"start":{"line":36,"column":30},"end":{"line":65,"column":1}},"line":36},"4":{"name":"(anonymous_4)","decl":{"start":{"line":42,"column":17},"end":{"line":42,"column":18}},"loc":{"start":{"line":42,"column":23},"end":{"line":49,"column":5}},"line":42},"5":{"name":"(anonymous_5)","decl":{"start":{"line":51,"column":17},"end":{"line":51,"column":18}},"loc":{"start":{"line":51,"column":23},"end":{"line":58,"column":5}},"line":51}},"branchMap":{"0":{"loc":{"start":{"line":13,"column":4},"end":{"line":26,"column":5}},"type":"switch","locations":[{"start":{"line":14,"column":8},"end":{"line":18,"column":13}},{"start":{"line":19,"column":8},"end":{"line":23,"column":13}},{"start":{"line":24,"column":8},"end":{"line":25,"column":54}}],"line":13},"1":{"loc":{"start":{"line":40,"column":18},"end":{"line":40,"column":45}},"type":"cond-expr","locations":[{"start":{"line":40,"column":23},"end":{"line":40,"column":33}},{"start":{"line":40,"column":36},"end":{"line":40,"column":45}}],"line":40},"2":{"loc":{"start":{"line":43,"column":8},"end":{"line":43,"column":23}},"type":"if","locations":[{"start":{"line":43,"column":8},"end":{"line":43,"column":23}},{"start":{},"end":{}}],"line":43},"3":{"loc":{"start":{"line":52,"column":8},"end":{"line":52,"column":23}},"type":"if","locations":[{"start":{"line":52,"column":8},"end":{"line":52,"column":23}},{"start":{},"end":{}}],"line":52}},"s":{"0":1,"1":0,"2":1,"3":0,"4":0,"5":0,"6":0,"7":0,"8":1,"9":0,"10":0,"11":0,"12":1,"13":0,"14":0,"15":0,"16":0,"17":0,"18":0,"19":0,"20":0,"21":0,"22":0,"23":0,"24":0},"f":{"0":0,"1":0,"2":0,"3":0,"4":0,"5":0},"b":{"0":[0,0,0],"1":[0,0],"2":[0,0],"3":[0,0]},"_coverageSchema":"1a1c01bbd47fc00a2c39e90264f33305004495a9","hash":"0c147f3b9924fd97595f6cbc2cf2d5d494a0e068"}
}
