TN:
SF:src/index.ts
FNF:0
FNH:0
DA:4,1
LF:1
LH:1
BRF:0
BRH:0
end_of_record
TN:
SF:src/main.tsx
FN:6,(anonymous_0)
FN:13,(anonymous_1)
FN:20,(anonymous_2)
FN:21,innerCreate
FN:32,(anonymous_4)
FN:36,(anonymous_5)
FN:45,(anonymous_6)
FNF:7
FNH:1
FNDA:1,(anonymous_0)
FNDA:0,(anonymous_1)
FNDA:0,(anonymous_2)
FNDA:0,innerCreate
FNDA:0,(anonymous_4)
FNDA:0,(anonymous_5)
FNDA:0,(anonymous_6)
DA:6,1
DA:7,1
DA:9,0
DA:10,0
DA:13,1
DA:14,0
DA:16,0
DA:17,0
DA:20,1
DA:21,0
DA:22,0
DA:24,0
DA:32,1
DA:33,0
DA:34,0
DA:36,0
DA:37,0
DA:39,0
DA:42,0
DA:45,1
DA:46,0
DA:48,0
LF:22
LH:6
BRF:0
BRH:0
end_of_record
TN:
SF:src/store.ts
FN:16,(anonymous_0)
FN:27,(anonymous_1)
FNF:2
FNH:1
FNDA:1,(anonymous_0)
FNDA:0,(anonymous_1)
DA:5,1
DA:7,1
DA:8,1
DA:10,1
DA:12,1
DA:14,1
DA:16,1
DA:17,1
DA:19,1
DA:20,1
DA:21,0
DA:23,0
DA:27,1
DA:28,0
DA:32,0
LF:15
LH:11
BRDA:19,0,0,1
BRDA:19,0,1,0
BRF:2
BRH:1
end_of_record
TN:
SF:src/useModal.ts
FN:6,(anonymous_0)
FN:10,(anonymous_1)
FN:29,(anonymous_2)
FN:36,(anonymous_3)
FN:42,(anonymous_4)
FN:51,(anonymous_5)
FNF:6
FNH:0
FNDA:0,(anonymous_0)
FNDA:0,(anonymous_1)
FNDA:0,(anonymous_2)
FNDA:0,(anonymous_3)
FNDA:0,(anonymous_4)
FNDA:0,(anonymous_5)
DA:6,1
DA:7,0
DA:10,1
DA:11,0
DA:13,0
DA:15,0
DA:20,0
DA:25,0
DA:29,1
DA:30,0
DA:31,0
DA:33,0
DA:36,1
DA:37,0
DA:38,0
DA:40,0
DA:42,0
DA:43,0
DA:45,0
DA:51,0
DA:52,0
DA:54,0
DA:60,0
LF:23
LH:4
BRDA:13,0,0,0
BRDA:13,0,1,0
BRDA:13,0,2,0
BRDA:40,1,0,0
BRDA:40,1,1,0
BRDA:43,2,0,0
BRDA:43,2,1,0
BRDA:52,3,0,0
BRDA:52,3,1,0
BRF:9
BRH:0
end_of_record
